[Licensing::Module] Trying to connect to existing licensing client channel...
Built from '6000.4/staging' branch; Version is '6000.4.0f1 (8cf496087c8f) revision 9237654'; Using compiler version '194234433'; Build Type 'Release'
OS: 'Windows 11  (10.0.26200) CoreSingleLanguage' Language: 'en' Physical Memory: 16021 MB
[Licensing::IpcConnector] Successfully connected to: "LicenseClient-tavan" at "2026-04-08T04:48:47.8947428Z"
BatchMode: 1, IsHumanControllingUs: 0, StartBugReporterOnCrash: 0, Is64bit: 1
System  architecture: x64
Process architecture: x64
Date: 2026-04-08T04:48:47Z

COMMAND LINE ARGUMENTS:
D:\Unity\Hub\Editor\6000.4.0f1\Editor\Unity.exe
-batchmode
-quit
-projectPath
d:\Unity_Project\My project
-executeMethod
VRUIPopupPrefabCreator.CreatePopupPrefabs
-logFile
d:\Unity_Project\My project\Logs\create-popup-prefabs.log
Successfully changed project path to: d:\Unity_Project\My project
D:/Unity_Project/My project
Exiting without the bug reporter. Application will terminate with return code 1